2025-05-04 18:03:25,453 - [INFO] Avvio ricevitore...
2025-05-04 18:03:27,301 - [INFO] Connesso alla porta seriale
2025-05-04 18:03:32,281 - [INFO] Cartella DatiSensori creata
2025-05-04 18:03:32,283 - [INFO] File con intestazioni creato
2025-05-04 18:04:20,864 - [INFO] Programma terminato dall'utente
2025-05-04 18:04:23,775 - [INFO] Avvio ricevitore...
2025-05-04 18:04:27,311 - [INFO] Connesso alla porta seriale
2025-05-04 18:04:28,553 - [INFO] File CSV creato
2025-05-04 18:05:02,300 - [INFO] File CSV creato
2025-05-04 18:05:08,253 - [INFO] File CSV creato
2025-05-04 18:06:14,353 - [INFO] Programma terminato dall'utente
2025-05-04 18:06:22,211 - [INFO] Avvio ricevitore...
2025-05-04 18:06:22,341 - [INFO] Connesso alla porta seriale
2025-05-04 18:06:25,804 - [INFO] Programma terminato dall'utente
2025-05-05 13:52:39,200 - [INFO] Avvio ricevitore...
2025-05-05 13:52:40,608 - [INFO] Connesso alla porta seriale
2025-05-05 13:53:18,679 - [INFO] Programma terminato dall'utente
2025-05-05 14:06:09,658 - [INFO] Avvio ricevitore...
2025-05-05 14:06:10,848 - [INFO] Connesso alla porta seriale
2025-05-05 14:06:26,337 - [INFO] Programma terminato dall'utente
